ES2RT linker log file created on lunedì 31 ottobre 2022 11:50:01

Linking...
User Info - Resource Id [ NrOfTags ], caused in [ LinkerVar ]
User Warning - Resource Id [ AppearanceWithoutEntries ], containing object type [ Warning ]
User Warning - Resource Id [ AppearanceWithoutEntries ], containing object type [ Warning ]
User Warning - Resource Id [ AppearanceWithoutEntries ], containing object type [ Warning ]
User Warning - Resource Id [ AppearanceWithoutEntries ], containing object type [ Warning ]
User Warning - Resource Id [ AppearanceWithoutEntries ], containing object type [ Warning ]
User Warning - Resource Id [ AppearanceWithoutEntries ], containing object type [ Warning ]
User Warning - Resource Id [ AppearanceWithoutEntries ], containing object type [ Warning ]
User Warning - Resource Id [ AppearanceWithoutEntries ], containing object type [ Warning ]
User Warning - Resource Id [ AppearanceWithoutEntries ], containing object type [ Warning ]
User Warning - Resource Id [ AppearanceWithoutEntries ], containing object type [ Warning ]
User Warning - Resource Id [ AppearanceWithoutEntries ], containing object type [ Warning ]
User Warning - Resource Id [ AppearanceWithoutEntries ], containing object type [ Warning ]
User Warning - Resource Id [ AppearanceWithoutEntries ], containing object type [ Warning ]
User Warning - Resource Id [ AppearanceWithoutEntries ], containing object type [ Warning ]
User Warning - Resource Id [ AppearanceWithoutEntries ], containing object type [ Warning ]
User Warning - Resource Id [ AppearanceWithoutEntries ], containing object type [ Warning ]
User Warning - Resource Id [ AppearanceWithoutEntries ], containing object type [ Warning ]
User Warning - Resource Id [ AppearanceWithoutEntries ], containing object type [ Warning ]
User Warning - Resource Id [ AppearanceWithoutEntries ], containing object type [ Warning ]
User Warning - Resource Id [ AppearanceWithoutEntries ], containing object type [ Warning ]
User Warning - Resource Id [ AppearanceWithoutEntries ], containing object type [ Warning ]
User Warning - Resource Id [ AppearanceWithoutEntries ], containing object type [ Warning ]
User Warning - Resource Id [ AppearanceWithoutEntries ], containing object type [ Warning ]
User Warning - Resource Id [ AppearanceWithoutEntries ], containing object type [ Warning ]
User Warning - Resource Id [ AppearanceWithoutEntries ], containing object type [ Warning ]
User Warning - Resource Id [ AppearanceWithoutEntries ], containing object type [ Warning ]
User Warning - Resource Id [ AppearanceWithoutEntries ], containing object type [ Warning ]
User Warning - Resource Id [ AppearanceWithoutEntries ], containing object type [ Warning ]
User Warning - Resource Id [ AppearanceWithoutEntries ], containing object type [ Warning ]
User Warning - Resource Id [ AppearanceWithoutEntries ], containing object type [ Warning ]
User Warning - Resource Id [ AppearanceWithoutEntries ], containing object type [ Warning ]
User Warning - Resource Id [ AppearanceWithoutEntries ], containing object type [ Warning ]
User Warning - Resource Id [ AppearanceWithoutEntries ], containing object type [ Warning ]
User Warning - Resource Id [ AppearanceWithoutEntries ], containing object type [ Warning ]
User Warning - Resource Id [ AppearanceWithoutEntries ], containing object type [ Warning ]
User Warning - Resource Id [ AppearanceWithoutEntries ], containing object type [ Warning ]
User Warning - Resource Id [ AppearanceWithoutEntries ], containing object type [ Warning ]
User Warning - Resource Id [ AppearanceWithoutEntries ], containing object type [ Warning ]
User Warning - Resource Id [ AppearanceWithoutEntries ], containing object type [ Warning ]
User Warning - Resource Id [ AppearanceWithoutEntries ], containing object type [ Warning ]
User Warning - Resource Id [ AppearanceWithoutEntries ], containing object type [ Warning ]
User Warning - Resource Id [ AppearanceWithoutEntries ], containing object type [ Warning ]
User Warning - Resource Id [ AppearanceWithoutEntries ], containing object type [ Warning ]
User Warning - Resource Id [ AppearanceWithoutEntries ], containing object type [ Warning ]
User Warning - Resource Id [ AppearanceWithoutEntries ], containing object type [ Warning ]
User Warning - Resource Id [ AppearanceWithoutEntries ], containing object type [ Warning ]
User Warning - Resource Id [ AppearanceWithoutEntries ], containing object type [ Warning ]
User Warning - Resource Id [ AppearanceWithoutEntries ], containing object type [ Warning ]
User Warning - Resource Id [ AppearanceWithoutEntries ], containing object type [ Warning ]
User Warning - Resource Id [ AppearanceWithoutEntries ], containing object type [ Warning ]
User Warning - Resource Id [ AppearanceWithoutEntries ], containing object type [ Warning ]
User Warning - Resource Id [ AppearanceWithoutEntries ], containing object type [ Warning ]
User Warning - Resource Id [ AppearanceWithoutEntries ], containing object type [ Warning ]
User Warning - Resource Id [ AppearanceWithoutEntries ], containing object type [ Warning ]
User Warning - Resource Id [ AppearanceWithoutEntries ], containing object type [ Warning ]
User Warning - Resource Id [ AppearanceWithoutEntries ], containing object type [ Warning ]
User Warning - Resource Id [ AppearanceWithoutEntries ], containing object type [ Warning ]
User Warning - Resource Id [ AppearanceWithoutEntries ], containing object type [ Warning ]
User Warning - Resource Id [ AppearanceWithoutEntries ], containing object type [ Warning ]
User Warning - Resource Id [ AppearanceWithoutEntries ], containing object type [ Warning ]
User Warning - Resource Id [ AppearanceWithoutEntries ], containing object type [ Warning ]
User Warning - Resource Id [ AppearanceWithoutEntries ], containing object type [ Warning ]
User Warning - Resource Id [ AppearanceWithoutEntries ], containing object type [ Warning ]
User Warning - Resource Id [ AppearanceWithoutEntries ], containing object type [ Warning ]
User Warning - Resource Id [ AppearanceWithoutEntries ], containing object type [ Warning ]
User Warning - Resource Id [ AppearanceWithoutEntries ], containing object type [ Warning ]
User Warning - Resource Id [ AppearanceWithoutEntries ], containing object type [ Warning ]
User Warning - Resource Id [ AppearanceWithoutEntries ], containing object type [ Warning ]
User Warning - Resource Id [ AppearanceWithoutEntries ], containing object type [ Warning ]
User Warning - Resource Id [ AppearanceWithoutEntries ], containing object type [ Warning ]
User Warning - Resource Id [ AppearanceWithoutEntries ], containing object type [ Warning ]
User Warning - Resource Id [ AppearanceWithoutEntries ], containing object type [ Warning ]
User Warning - Resource Id [ AppearanceWithoutEntries ], containing object type [ Warning ]
User Warning - Resource Id [ AppearanceWithoutEntries ], containing object type [ Warning ]
User Warning - Resource Id [ AppearanceWithoutEntries ], containing object type [ Warning ]
User Warning - Resource Id [ AppearanceWithoutEntries ], containing object type [ Warning ]
User Warning - Resource Id [ AppearanceWithoutEntries ], containing object type [ Warning ]
User Warning - Resource Id [ AppearanceWithoutEntries ], containing object type [ Warning ]
User Warning - Resource Id [ AppearanceWithoutEntries ], containing object type [ Warning ]
User Warning - Resource Id [ AppearanceWithoutEntries ], containing object type [ Warning ]
User Warning - Resource Id [ StaticFlashingIgnored ], containing object type [ Warning ]
User Warning - Resource Id [ AppearanceWithoutEntries ], containing object type [ Warning ]
User Warning - Resource Id [ AppearanceWithoutEntries ], containing object type [ Warning ]
User Warning - Resource Id [ AppearanceWithoutEntries ], containing object type [ Warning ]
User Warning - Resource Id [ AppearanceWithoutEntries ], containing object type [ Warning ]
User Warning - Resource Id [ AppearanceWithoutEntries ], containing object type [ Warning ]
User Warning - Resource Id [ AppearanceWithoutEntries ], containing object type [ Warning ]
User Warning - Resource Id [ AppearanceWithoutEntries ], containing object type [ Warning ]
User Warning - Resource Id [ AppearanceWithoutEntries ], containing object type [ Warning ]
User Warning - Resource Id [ AppearanceWithoutEntries ], containing object type [ Warning ]
User Warning - Resource Id [ AppearanceWithoutEntries ], containing object type [ Warning ]
User Warning - Resource Id [ AppearanceWithoutEntries ], containing object type [ Warning ]
User Warning - Resource Id [ AppearanceWithoutEntries ], containing object type [ Warning ]
User Warning - Resource Id [ AppearanceWithoutEntries ], containing object type [ Warning ]
User Warning - Resource Id [ AppearanceWithoutEntries ], containing object type [ Warning ]
User Warning - Resource Id [ AppearanceWithoutEntries ], containing object type [ Warning ]
User Warning - Resource Id [ AppearanceWithoutEntries ], containing object type [ Warning ]
User Warning - Resource Id [ AppearanceWithoutEntries ], containing object type [ Warning ]
User Warning - Resource Id [ AppearanceWithoutEntries ], containing object type [ Warning ]
User Warning - Resource Id [ AppearanceWithoutEntries ], containing object type [ Warning ]
User Warning - Resource Id [ AppearanceWithoutEntries ], containing object type [ Warning ]
User Warning - Resource Id [ AppearanceWithoutEntries ], containing object type [ Warning ]
User Warning - Resource Id [ AppearanceWithoutEntries ], containing object type [ Warning ]
User Warning - Resource Id [ AppearanceWithoutEntries ], containing object type [ Warning ]
User Warning - Resource Id [ AppearanceWithoutEntries ], containing object type [ Warning ]
User Warning - Resource Id [ AppearanceWithoutEntries ], containing object type [ Warning ]
User Warning - Resource Id [ AppearanceWithoutEntries ], containing object type [ Warning ]
User Warning - Resource Id [ AppearanceWithoutEntries ], containing object type [ Warning ]
User Warning - Resource Id [ AppearanceWithoutEntries ], containing object type [ Warning ]
User Warning - Resource Id [ AppearanceWithoutEntries ], containing object type [ Warning ]
User Warning - Resource Id [ AppearanceWithoutEntries ], containing object type [ Warning ]
User Warning - Resource Id [ AppearanceWithoutEntries ], containing object type [ Warning ]
User Warning - Resource Id [ AppearanceWithoutEntries ], containing object type [ Warning ]
User Warning - Resource Id [ AppearanceWithoutEntries ], containing object type [ Warning ]
User Warning - Resource Id [ AppearanceWithoutEntries ], containing object type [ Warning ]
User Warning - Resource Id [ AppearanceWithoutEntries ], containing object type [ Warning ]
User Warning - Resource Id [ AppearanceWithoutEntries ], containing object type [ Warning ]
User Warning - Resource Id [ AppearanceWithoutEntries ], containing object type [ Warning ]
User Warning - Resource Id [ AppearanceWithoutEntries ], containing object type [ Warning ]
User Warning - Resource Id [ AppearanceWithoutEntries ], containing object type [ Warning ]
User Warning - Resource Id [ AppearanceWithoutEntries ], containing object type [ Warning ]
User Warning - Resource Id [ AppearanceWithoutEntries ], containing object type [ Warning ]
User Warning - Resource Id [ AppearanceWithoutEntries ], containing object type [ Warning ]
User Warning - Resource Id [ AppearanceWithoutEntries ], containing object type [ Warning ]
User Warning - Resource Id [ AppearanceWithoutEntries ], containing object type [ Warning ]
User Warning - Resource Id [ AppearanceWithoutEntries ], containing object type [ Warning ]
User Warning - Resource Id [ AppearanceWithoutEntries ], containing object type [ Warning ]
User Warning - Resource Id [ AppearanceWithoutEntries ], containing object type [ Warning ]
User Warning - Resource Id [ AppearanceWithoutEntries ], containing object type [ Warning ]
User Warning - Resource Id [ AppearanceWithoutEntries ], containing object type [ Warning ]
User Warning - Resource Id [ AppearanceWithoutEntries ], containing object type [ Warning ]
User Warning - Resource Id [ AppearanceWithoutEntries ], containing object type [ Warning ]
User Warning - Resource Id [ AppearanceWithoutEntries ], containing object type [ Warning ]
User Warning - Resource Id [ AppearanceWithoutEntries ], containing object type [ Warning ]
User Warning - Resource Id [ AppearanceWithoutEntries ], containing object type [ Warning ]
User Info - Resource Id [ NumberPowerTags ], caused in [ LinkerLicense ]
0 errors, 135 warnings - succeeded.

Writing "C:\Program Files (x86)\Siemens\Step7\S7Proj\SpaceInv\Space.Pannello operatore_1"...
Done.
